using quarter turn metric
no search limit
using symmetry reductions
finding all solutions

initializing transformation tables
initializing distance table ... this will take several minutes
distance     positions     (quotient)
      0q             1     (       1)
      1q             4     (       1)
      2q            34     (       3)
      3q           312     (      24)
      4q          2772     (     185)
      5q         24996     (    1633)
      6q        225949     (   14708)
      7q       2017078     (  130032)
      8q      17554890     ( 1124165)
      9q     139132730     ( 8868078)
     10q     758147361     (48182278)
     switching to backwards searching
     11q    1182378518     (75087495)
     12q     117594403     ( 7498528)
     13q         14072     (    1279)

enter cube (Ctrl-D to exit):
RD FL BR UR DL FR FD BD LU UB BL UF FDR UBL BDL FRU FLD DBR RBU FUL
asymmetric position
depth  2q completed  (             18 nodes,               0 tests)
depth  4q completed  (             18 nodes,               0 tests)
depth  6q completed  (             18 nodes,               0 tests)
depth  8q completed  (             18 nodes,               0 tests)
depth 10q completed  (             18 nodes,               0 tests)
depth 12q completed  (            219 nodes,               0 tests)
depth 14q completed  (         29,149 nodes,               2 tests)
depth 16q completed  (      2,632,227 nodes,             368 tests)
depth 18q completed  (    230,544,654 nodes,          35,226 tests)
depth 20q completed  (  2,905,897,049 nodes,       3,238,712 tests)

Solution: F Rrev Urev F Rrev Brev Lrev U2 B2 L Brev Urev Frev R L B Urev Frev Urev L
  (22q*, 20f)

Solution: F U L F Brev Rrev D2 Rrev Brev Rrev Urev Lrev Drev B Drev Lrev Brev Drev F Urev Frev
  (22q*, 21f)

Solution: F Urev Rrev D2 Frev B Urev Brev Drev F B2 Rrev B D R B Urev L Drev F
  (22q*, 20f)

Solution: F Urev Drev Rrev Frev B R F Urev Lrev Drev F R Brev Lrev Frev Rrev B Rrev Lrev D B
  (22q*, 22f)

Solution: F Lrev F R Drev Frev D B R B U Lrev Frev Lrev Drev R B Rrev Frev Lrev F Rrev
  (22q*, 22f)

Solution: F Lrev U F L2 Frev B R F Urev Brev U Brev U Frev U Drev Brev L Brev U
  (22q*, 21f)

Solution: F2 Urev Drev Rrev B Urev R Drev R Lrev Urev R D Frev Rrev Lrev F R F2 D
  (22q*, 20f)

Solution: Frev R F R F U L F Rrev Drev R Drev B R Urev L2 F Lrev Urev L Frev
  (22q*, 21f)

Solution: Frev R B2 U Lrev Frev L Urev Rrev Brev U Brev R U L Drev R Drev Lrev F Urev
  (22q*, 21f)

Solution: Frev R L Drev F Rrev Frev B2 D B Drev Lrev B Drev F B U R U Frev L
  (22q*, 21f)

Solution: Frev Rrev F B U L D R F U2 F U D2 F D B Rrev U Rrev L
  (22q*, 20f)

Solution: Frev U Frev L Urev R Brev D Lrev Brev Lrev Drev L Brev Lrev F Urev F2 Rrev F L
  (22q*, 21f)

Solution: Frev U Brev Lrev U2 Rrev Drev Rrev Frev Urev Rrev L Drev Brev Urev B Drev R2 U Rrev
  (22q*, 20f)

Solution: Frev Brev Urev F R F Lrev Frev U Frev L Frev Rrev B Urev D Frev Lrev Frev Urev B2
  (22q*, 21f)

Solution: Frev Brev Urev R Lrev Brev Urev Brev R Lrev D R L Urev Rrev Drev L Drev L Drev Rrev Brev
  (22q*, 22f)

Solution: Frev L B L Brev U F L2 U Frev B Urev R Brev L U Drev Frev Drev L F
  (22q*, 21f)

Solution: R F Brev U Frev D Frev R F Urev B Rrev F Urev R D F B Lrev Frev L Urev
  (22q*, 22f)

Solution: R B U2 Drev R Brev U Lrev Drev R Frev U Lrev U L Urev Brev Urev F B L
  (22q*, 21f)

Solution: R B Drev Lrev B U D2 Brev U D Brev U R B L Frev B Urev R U Rrev
  (22q*, 21f)

Solution: R B2 U2 Drev Rrev D2 Frev D L U Lrev Brev Rrev F U B L D Frev
  (22q*, 19f)

Solution: R D Rrev L Urev L Frev L U Rrev Lrev D F Drev Frev D Rrev F Rrev F L Frev
  (22q*, 22f)

Solution: R Drev Rrev L Frev Urev Rrev Drev Lrev U Frev Rrev F2 Brev D B Rrev B Urev B Drev
  (22q*, 21f)

Solution: R2 F D L2 Urev D Lrev U Rrev Drev Lrev D Lrev F U Lrev Frev U Lrev Brev
  (22q*, 20f)

Solution: R2 Brev U Lrev U L Brev U F Rrev F B2 U L F B R Frev L Urev
  (22q*, 20f)

Solution: Rrev F B Rrev Frev Rrev Drev L D L Brev Rrev D2 Frev D B2 Rrev L2 U
  (22q*, 19f)

Solution: Rrev Frev Rrev F Drev Brev Drev Rrev F B Urev Frev Drev F Urev Brev U Rrev Lrev Brev Urev Frev
  (22q*, 22f)

Solution: Rrev Frev U R U D Rrev U Brev R Lrev D Frev Lrev Drev Brev D Rrev Lrev Brev U R
  (22q*, 22f)

Solution: Rrev Frev Lrev Frev L U B U2 D B Urev Drev R L Urev Drev R Drev Frev L2
  (22q*, 20f)

Solution: Rrev U L F Drev R B L Drev Lrev Urev B Urev F U Drev R D Frev D F R
  (22q*, 22f)

Solution: Rrev Urev Frev Urev L Drev B L U2 F Urev F Rrev Brev L Frev Drev Brev Drev Lrev B
  (22q*, 21f)

Solution: Rrev Urev D R Urev R Frev Drev F R Frev B2 Rrev Frev D F Lrev U Frev Rrev F
  (22q*, 21f)

Solution: Rrev B L F L Brev U Drev Rrev Drev L D2 F D Brev D Rrev Urev Brev D Brev
  (22q*, 21f)

Solution: Rrev L D Frev D R D R Frev Brev Urev Frev U Rrev Frev Brev Urev L Frev Lrev Frev Brev
  (22q*, 22f)

Solution: Rrev Lrev F Brev U Rrev Frev Brev Lrev Urev B Lrev D F2 B D2 Rrev Urev Brev R
  (22q*, 20f)

Solution: Rrev Lrev U Rrev Frev L Urev B Drev L U Drev F Urev R2 Lrev Urev Rrev B Drev R
  (22q*, 21f)

Solution: U F R Urev B Drev R U Lrev Urev Brev R Lrev D F Rrev Frev Drev B2 Rrev Drev
  (22q*, 21f)

Solution: U F R Drev R Urev R L D Rrev F Brev Urev L Urev Lrev B U B L B Rrev
  (22q*, 22f)

Solution: U F Rrev Lrev F Rrev Frev Brev U Lrev Drev B Lrev Brev D2 Rrev Brev Urev Brev Rrev Lrev
  (22q*, 21f)

Solution: U F L Frev D R L Urev Rrev L Drev Frev B Rrev L Drev Rrev Frev Drev B D Rrev
  (22q*, 22f)

Solution: U Frev R D Frev Drev L Urev Drev R L Brev Drev R L D R D Rrev Frev Rrev F
  (22q*, 22f)

Solution: U Frev Lrev Urev Frev U Lrev B2 Drev L B Lrev U B R Brev D Lrev Urev R L
  (22q*, 21f)

Solution: U R Lrev U D Rrev Frev Lrev Brev L D L F B R L Frev Drev Frev Drev L Drev
  (22q*, 22f)

Solution: U L Urev F U2 L Brev Rrev Urev Lrev Brev R D2 Frev Lrev D L Drev L Drev
  (22q*, 20f)

Solution: U L D Frev U F Rrev D B Drev Frev Urev Brev Lrev Urev B D Frev L Urev Lrev Urev
  (22q*, 22f)

Solution: U Drev F Urev Rrev Lrev Frev Brev Lrev Frev Rrev Frev R Brev Drev Frev L Frev L Frev U Rrev
  (22q*, 22f)

Solution: Urev R Urev D Rrev U Rrev F D L U Rrev Frev Rrev Frev U2 Drev Brev R B R
  (22q*, 21f)

Solution: Urev R B R Lrev D F Drev R F D F U R F L Brev U2 L B R
  (22q*, 21f)

Solution: Urev R2 U Rrev Urev L Urev Brev Drev Lrev F Lrev B Lrev Frev Urev L F2 U B
  (22q*, 20f)

Solution: Urev Rrev Urev Frev Lrev U D Frev D Brev L B Drev Brev L U D2 Lrev U Lrev Frev
  (22q*, 21f)

Solution: Urev Rrev L U R Frev R F2 B Rrev D F Brev R2 D2 F U2 D
  (22q*, 18f)

Solution: Urev B R Brev Drev L Brev Rrev Brev R Urev Frev Drev B Rrev Brev R Drev Lrev B L F
  (22q*, 22f)

Solution: Urev Drev Rrev F Brev Lrev F Rrev B U Lrev Brev D Rrev Frev L Frev Rrev Lrev B2 D
  (22q*, 21f)

Solution: B R Lrev B U L Urev Lrev F2 B Urev Drev F Rrev B Rrev L D2 R F
  (22q*, 20f)

Solution: B R Lrev B U L Urev Lrev B U Drev L2 U2 F Rrev F2 B L F
  (22q*, 19f)

Solution: B L Frev U2 B Rrev Urev F L D R Brev U Lrev D R B R L Drev Frev
  (22q*, 21f)

Solution: B Drev B Lrev B R L Urev Rrev D Rrev U D F Urev R F Lrev F B R L
  (22q*, 22f)

Solution: Brev R Drev Rrev L U Rrev F U Lrev F Drev Rrev F Rrev Lrev D Frev Brev R F Brev
  (22q*, 22f)

Solution: Brev U Brev L Brev L2 U L Brev R B R Drev Rrev Urev Lrev F Rrev Frev B L
  (22q*, 21f)

Solution: Brev U D Lrev D Lrev F Brev Drev Brev Urev Brev Rrev D Rrev Drev Brev R Frev L U L
  (22q*, 22f)

Solution: L F U2 B R U Brev Lrev F Drev F R D B U L B U2 Lrev Frev
  (22q*, 20f)
