using face turn metric
no search limit
using symmetry reductions
finding all solutions

initializing transformation tables
initializing distance table ... this will take several minutes
distance     positions     (quotient)
      0f             1     (       1)
      1f             4     (       1)
      2f            50     (       5)
      3f           592     (      44)
      4f          7156     (     487)
      5f         87236     (    5841)
      6f       1043817     (   68364)
      7f      12070278     (  776568)
      8f     124946368     ( 7950748)
      9f     821605960     (52098876)
     switching to backwards searching
     10f    1199128738     (76236234)
     11f      58202444     ( 3771112)
     12f           476     (     129)

enter cube (Ctrl-D to exit):
FU BL UL DB FR UB RD FL UR LD DF RB URB RDB DLB DRF UBL FUL FLD FRU
asymmetric position
depth  1f completed  (             18 nodes,               0 tests)
depth  2f completed  (             18 nodes,               0 tests)
depth  3f completed  (             18 nodes,               0 tests)
depth  4f completed  (             18 nodes,               0 tests)
depth  5f completed  (             18 nodes,               0 tests)
depth  6f completed  (             18 nodes,               0 tests)
depth  7f completed  (             18 nodes,               0 tests)
depth  8f completed  (             18 nodes,               0 tests)

Solution: R2 Frev L2 D2 Frev L Urev D Rrev
  (9f*, 12q)
depth  9f completed  (            138 nodes,               2 tests)

enter cube (Ctrl-D to exit):
